# Logfile created on 2011-08-23 12:52:55 -0400 by logger.rb/25413
REQUESTING PAGE: GET / with {} and HTTP headers {}
REQUESTING PAGE: GET /signin with {} and HTTP headers {}
REQUESTING PAGE: POST /sessions with {"utf8"=>"\xE2\x9C\x93", "session"=>{"email"=>"mhartl@example.com", "password"=>"foobar"}, "commit"=>"Sign in"} and HTTP headers {"HTTP_REFERER"=>"/signin"}
REQUESTING PAGE: GET http://www.example.com/users/1 with {} and HTTP headers {"HTTP_REFERER"=>"/sessions"}
REQUESTING PAGE: GET / with {} and HTTP headers {"HTTP_REFERER"=>"http://www.example.com/users/1"}
REQUESTING PAGE: GET /signin with {} and HTTP headers {}
REQUESTING PAGE: POST /sessions with {"utf8"=>"\xE2\x9C\x93", "session"=>{"email"=>"mhartl@example.com", "password"=>"foobar"}, "commit"=>"Sign in"} and HTTP headers {"HTTP_REFERER"=>"/signin"}
REQUESTING PAGE: GET http://www.example.com/users/1 with {} and HTTP headers {"HTTP_REFERER"=>"/sessions"}
REQUESTING PAGE: GET / with {} and HTTP headers {"HTTP_REFERER"=>"http://www.example.com/users/1"}
REQUESTING PAGE: GET / with {} and HTTP headers {}
REQUESTING PAGE: GET /signin with {} and HTTP headers {}
REQUESTING PAGE: POST /sessions with {"utf8"=>"\xE2\x9C\x93", "session"=>{"email"=>"mhartl@example.com", "password"=>"foobar"}, "commit"=>"Sign in"} and HTTP headers {"HTTP_REFERER"=>"/signin"}
REQUESTING PAGE: GET http://www.example.com/users/1 with {} and HTTP headers {"HTTP_REFERER"=>"/sessions"}
REQUESTING PAGE: GET / with {} and HTTP headers {"HTTP_REFERER"=>"http://www.example.com/users/1"}
REQUESTING PAGE: GET /signin with {} and HTTP headers {}
REQUESTING PAGE: POST /sessions with {"utf8"=>"\xE2\x9C\x93", "session"=>{"email"=>"mhartl@example.com", "password"=>"foobar"}, "commit"=>"Sign in"} and HTTP headers {"HTTP_REFERER"=>"/signin"}
REQUESTING PAGE: GET http://www.example.com/users/1 with {} and HTTP headers {"HTTP_REFERER"=>"/sessions"}
REQUESTING PAGE: GET / with {} and HTTP headers {"HTTP_REFERER"=>"http://www.example.com/users/1"}
REQUESTING PAGE: GET / with {} and HTTP headers {}
REQUESTING PAGE: GET /signin with {} and HTTP headers {}
REQUESTING PAGE: POST /sessions with {"utf8"=>"\xE2\x9C\x93", "session"=>{"email"=>"mhartl@example.com", "password"=>"foobar"}, "commit"=>"Sign in"} and HTTP headers {"HTTP_REFERER"=>"/signin"}
REQUESTING PAGE: GET http://www.example.com/users/1 with {} and HTTP headers {"HTTP_REFERER"=>"/sessions"}
REQUESTING PAGE: GET / with {} and HTTP headers {"HTTP_REFERER"=>"http://www.example.com/users/1"}
REQUESTING PAGE: GET /signin with {} and HTTP headers {}
REQUESTING PAGE: POST /sessions with {"utf8"=>"\xE2\x9C\x93", "session"=>{"email"=>"mhartl@example.com", "password"=>"foobar"}, "commit"=>"Sign in"} and HTTP headers {"HTTP_REFERER"=>"/signin"}
REQUESTING PAGE: GET http://www.example.com/users/1 with {} and HTTP headers {"HTTP_REFERER"=>"/sessions"}
REQUESTING PAGE: GET / with {} and HTTP headers {"HTTP_REFERER"=>"http://www.example.com/users/1"}
REQUESTING PAGE: GET / with {} and HTTP headers {}
REQUESTING PAGE: GET /signin with {} and HTTP headers {}
REQUESTING PAGE: POST /sessions with {"utf8"=>"\xE2\x9C\x93", "session"=>{"email"=>"mhartl@example.com", "password"=>"foobar"}, "commit"=>"Sign in"} and HTTP headers {"HTTP_REFERER"=>"/signin"}
REQUESTING PAGE: GET http://www.example.com/users/1 with {} and HTTP headers {"HTTP_REFERER"=>"/sessions"}
REQUESTING PAGE: GET / with {} and HTTP headers {"HTTP_REFERER"=>"http://www.example.com/users/1"}
REQUESTING PAGE: GET /signin with {} and HTTP headers {}
REQUESTING PAGE: POST /sessions with {"utf8"=>"\xE2\x9C\x93", "session"=>{"email"=>"mhartl@example.com", "password"=>"foobar"}, "commit"=>"Sign in"} and HTTP headers {"HTTP_REFERER"=>"/signin"}
REQUESTING PAGE: GET http://www.example.com/users/1 with {} and HTTP headers {"HTTP_REFERER"=>"/sessions"}
REQUESTING PAGE: GET / with {} and HTTP headers {"HTTP_REFERER"=>"http://www.example.com/users/1"}
REQUESTING PAGE: GET / with {} and HTTP headers {}
REQUESTING PAGE: GET /signin with {} and HTTP headers {}
REQUESTING PAGE: POST /sessions with {"utf8"=>"\xE2\x9C\x93", "session"=>{"email"=>"mhartl@example.com", "password"=>"foobar"}, "commit"=>"Sign in"} and HTTP headers {"HTTP_REFERER"=>"/signin"}
REQUESTING PAGE: GET http://www.example.com/users/1 with {} and HTTP headers {"HTTP_REFERER"=>"/sessions"}
REQUESTING PAGE: GET / with {} and HTTP headers {"HTTP_REFERER"=>"http://www.example.com/users/1"}
REQUESTING PAGE: GET /signin with {} and HTTP headers {}
REQUESTING PAGE: POST /sessions with {"utf8"=>"\xE2\x9C\x93", "session"=>{"email"=>"mhartl@example.com", "password"=>"foobar"}, "commit"=>"Sign in"} and HTTP headers {"HTTP_REFERER"=>"/signin"}
REQUESTING PAGE: GET http://www.example.com/users/1 with {} and HTTP headers {"HTTP_REFERER"=>"/sessions"}
REQUESTING PAGE: GET / with {} and HTTP headers {"HTTP_REFERER"=>"http://www.example.com/users/1"}
REQUESTING PAGE: GET / with {} and HTTP headers {}
REQUESTING PAGE: GET /signin with {} and HTTP headers {}
REQUESTING PAGE: POST /sessions with {"utf8"=>"\xE2\x9C\x93", "session"=>{"email"=>"mhartl@example.com", "password"=>"foobar"}, "commit"=>"Sign in"} and HTTP headers {"HTTP_REFERER"=>"/signin"}
REQUESTING PAGE: GET http://www.example.com/users/1 with {} and HTTP headers {"HTTP_REFERER"=>"/sessions"}
REQUESTING PAGE: GET / with {} and HTTP headers {"HTTP_REFERER"=>"http://www.example.com/users/1"}
REQUESTING PAGE: GET /signin with {} and HTTP headers {}
REQUESTING PAGE: POST /sessions with {"utf8"=>"\xE2\x9C\x93", "session"=>{"email"=>"mhartl@example.com", "password"=>"foobar"}, "commit"=>"Sign in"} and HTTP headers {"HTTP_REFERER"=>"/signin"}
REQUESTING PAGE: GET http://www.example.com/users/1 with {} and HTTP headers {"HTTP_REFERER"=>"/sessions"}
REQUESTING PAGE: GET / with {} and HTTP headers {"HTTP_REFERER"=>"http://www.example.com/users/1"}
REQUESTING PAGE: GET / with {} and HTTP headers {}
REQUESTING PAGE: GET /signin with {} and HTTP headers {}
REQUESTING PAGE: GET /signin with {} and HTTP headers {}
REQUESTING PAGE: GET / with {} and HTTP headers {}
REQUESTING PAGE: GET /signin with {} and HTTP headers {}
REQUESTING PAGE: POST /sessions with {"utf8"=>"\xE2\x9C\x93", "session"=>{"email"=>"mhartl@example.com", "password"=>"foobar"}, "commit"=>"Sign in"} and HTTP headers {"HTTP_REFERER"=>"/signin"}
REQUESTING PAGE: GET http://www.example.com/users/1 with {} and HTTP headers {"HTTP_REFERER"=>"/sessions"}
REQUESTING PAGE: GET / with {} and HTTP headers {"HTTP_REFERER"=>"http://www.example.com/users/1"}
REQUESTING PAGE: GET /signin with {} and HTTP headers {}
REQUESTING PAGE: POST /sessions with {"utf8"=>"\xE2\x9C\x93", "session"=>{"email"=>"mhartl@example.com", "password"=>"foobar"}, "commit"=>"Sign in"} and HTTP headers {"HTTP_REFERER"=>"/signin"}
REQUESTING PAGE: GET http://www.example.com/users/1 with {} and HTTP headers {"HTTP_REFERER"=>"/sessions"}
REQUESTING PAGE: GET / with {} and HTTP headers {"HTTP_REFERER"=>"http://www.example.com/users/1"}
REQUESTING PAGE: GET / with {} and HTTP headers {}
REQUESTING PAGE: GET /signin with {} and HTTP headers {}
REQUESTING PAGE: POST /sessions with {"utf8"=>"\xE2\x9C\x93", "session"=>{"email"=>"mhartl@example.com", "password"=>"foobar"}, "commit"=>"Sign in"} and HTTP headers {"HTTP_REFERER"=>"/signin"}
REQUESTING PAGE: GET http://www.example.com/users/1 with {} and HTTP headers {"HTTP_REFERER"=>"/sessions"}
REQUESTING PAGE: GET / with {} and HTTP headers {"HTTP_REFERER"=>"http://www.example.com/users/1"}
REQUESTING PAGE: GET /signin with {} and HTTP headers {}
REQUESTING PAGE: POST /sessions with {"utf8"=>"\xE2\x9C\x93", "session"=>{"email"=>"mhartl@example.com", "password"=>"foobar"}, "commit"=>"Sign in"} and HTTP headers {"HTTP_REFERER"=>"/signin"}
REQUESTING PAGE: GET http://www.example.com/users/1 with {} and HTTP headers {"HTTP_REFERER"=>"/sessions"}
REQUESTING PAGE: GET / with {} and HTTP headers {"HTTP_REFERER"=>"http://www.example.com/users/1"}
REQUESTING PAGE: GET / with {} and HTTP headers {}
REQUESTING PAGE: GET /signin with {} and HTTP headers {}
REQUESTING PAGE: POST /sessions with {"utf8"=>"\xE2\x9C\x93", "session"=>{"email"=>"mhartl@example.com", "password"=>"foobar"}, "commit"=>"Sign in"} and HTTP headers {"HTTP_REFERER"=>"/signin"}
REQUESTING PAGE: GET http://www.example.com/users/1 with {} and HTTP headers {"HTTP_REFERER"=>"/sessions"}
REQUESTING PAGE: GET / with {} and HTTP headers {"HTTP_REFERER"=>"http://www.example.com/users/1"}
REQUESTING PAGE: GET /signin with {} and HTTP headers {}
REQUESTING PAGE: POST /sessions with {"utf8"=>"\xE2\x9C\x93", "session"=>{"email"=>"mhartl@example.com", "password"=>"foobar"}, "commit"=>"Sign in"} and HTTP headers {"HTTP_REFERER"=>"/signin"}
REQUESTING PAGE: GET http://www.example.com/users/1 with {} and HTTP headers {"HTTP_REFERER"=>"/sessions"}
REQUESTING PAGE: GET / with {} and HTTP headers {"HTTP_REFERER"=>"http://www.example.com/users/1"}
